Compiled jquery.js  (8ms)  (pid 34162)
Compiled jquery_ujs.js  (0ms)  (pid 34162)
Compiled jquery.pjax.js  (0ms)  (pid 34162)
Compiled acontece.js  (140ms)  (pid 34162)
Compiled admin/conteudos.js  (1ms)  (pid 34162)
Compiled admin/home.js  (0ms)  (pid 34162)
Compiled admin/users.js  (0ms)  (pid 34162)
Compiled bootstrap.js  (1ms)  (pid 34162)
Compiled bootstrap.js  (4ms)  (pid 34162)
Compiled clientes.js  (0ms)  (pid 34162)
Compiled contato.js  (0ms)  (pid 34162)
Compiled empresa.js  (0ms)  (pid 34162)
Compiled home.js  (1ms)  (pid 34162)
Compiled nossoproduto.js  (1ms)  (pid 34162)
Compiled suporte.js  (1ms)  (pid 34162)
Compiled application.js  (369ms)  (pid 34162)
Compiled application.css  (350ms)  (pid 34162)
Compiled bootstrap.css  (2ms)  (pid 34162)
Compiled jquery.js  (6ms)  (pid 34162)
Compiled jquery_ujs.js  (0ms)  (pid 34162)
Compiled jquery.pjax.js  (0ms)  (pid 34162)
Compiled acontece.js  (279ms)  (pid 34162)
Compiled admin/conteudos.js  (1ms)  (pid 34162)
Compiled admin/home.js  (0ms)  (pid 34162)
Compiled admin/users.js  (0ms)  (pid 34162)
Compiled bootstrap.js  (1ms)  (pid 34162)
Compiled bootstrap.js  (4ms)  (pid 34162)
Compiled clientes.js  (1ms)  (pid 34162)
Compiled contato.js  (0ms)  (pid 34162)
Compiled empresa.js  (1ms)  (pid 34162)
Compiled home.js  (0ms)  (pid 34162)
Compiled nossoproduto.js  (9ms)  (pid 34162)
Compiled suporte.js  (0ms)  (pid 34162)
Compiled application.js  (717ms)  (pid 34162)
Compiled application.css  (441ms)  (pid 34162)
Compiled bootstrap.css  (2ms)  (pid 34162)
Compiled jquery.js  (6ms)  (pid 34259)
Compiled jquery_ujs.js  (1ms)  (pid 34259)
Compiled jquery.pjax.js  (0ms)  (pid 34259)
Compiled acontece.js  (77ms)  (pid 34259)
Compiled admin/conteudos.js  (1ms)  (pid 34259)
Compiled admin/home.js  (1ms)  (pid 34259)
Compiled admin/users.js  (1ms)  (pid 34259)
Compiled bootstrap.js  (1ms)  (pid 34259)
Compiled bootstrap.js  (4ms)  (pid 34259)
Compiled clientes.js  (1ms)  (pid 34259)
Compiled contato.js  (1ms)  (pid 34259)
Compiled empresa.js  (1ms)  (pid 34259)
Compiled home.js  (0ms)  (pid 34259)
Compiled nossoproduto.js  (2ms)  (pid 34259)
Compiled suporte.js  (0ms)  (pid 34259)
Compiled application.js  (434ms)  (pid 34259)
Compiled application.css  (337ms)  (pid 34259)
Compiled bootstrap.css  (2ms)  (pid 34259)
Compiled jquery.js  (31ms)  (pid 34259)
Compiled jquery_ujs.js  (0ms)  (pid 34259)
Compiled jquery.pjax.js  (0ms)  (pid 34259)
Compiled acontece.js  (91ms)  (pid 34259)
Compiled admin/conteudos.js  (1ms)  (pid 34259)
Compiled admin/home.js  (0ms)  (pid 34259)
Compiled admin/users.js  (0ms)  (pid 34259)
Compiled bootstrap.js  (1ms)  (pid 34259)
Compiled bootstrap.js  (5ms)  (pid 34259)
Compiled clientes.js  (1ms)  (pid 34259)
Compiled contato.js  (1ms)  (pid 34259)
Compiled empresa.js  (11ms)  (pid 34259)
Compiled home.js  (0ms)  (pid 34259)
Compiled nossoproduto.js  (1ms)  (pid 34259)
Compiled suporte.js  (20ms)  (pid 34259)
Compiled application.js  (1028ms)  (pid 34259)
Compiled application.css  (390ms)  (pid 34259)
Compiled bootstrap.css  (2ms)  (pid 34259)
Compiled jquery.js  (6ms)  (pid 34631)
Compiled jquery_ujs.js  (0ms)  (pid 34631)
Compiled jquery.pjax.js  (0ms)  (pid 34631)
Compiled acontece.js  (168ms)  (pid 34631)
Compiled admin/conteudos.js  (1ms)  (pid 34631)
Compiled admin/home.js  (0ms)  (pid 34631)
Compiled admin/users.js  (0ms)  (pid 34631)
Compiled bootstrap.js  (1ms)  (pid 34631)
Compiled bootstrap.js  (4ms)  (pid 34631)
Compiled clientes.js  (0ms)  (pid 34631)
Compiled contato.js  (0ms)  (pid 34631)
Compiled empresa.js  (0ms)  (pid 34631)
Compiled home.js  (1ms)  (pid 34631)
Compiled nossoproduto.js  (3ms)  (pid 34631)
Compiled suporte.js  (0ms)  (pid 34631)
Compiled application.js  (639ms)  (pid 34631)
Compiled application.css  (354ms)  (pid 34631)
Compiled bootstrap.css  (2ms)  (pid 34631)
Compiled jquery.js  (6ms)  (pid 34631)
Compiled jquery_ujs.js  (1ms)  (pid 34631)
Compiled jquery.pjax.js  (0ms)  (pid 34631)
Compiled acontece.js  (120ms)  (pid 34631)
Compiled admin/conteudos.js  (142ms)  (pid 34631)
Compiled admin/home.js  (1ms)  (pid 34631)
Compiled admin/users.js  (0ms)  (pid 34631)
Compiled bootstrap.js  (1ms)  (pid 34631)
Compiled bootstrap.js  (4ms)  (pid 34631)
Compiled clientes.js  (1ms)  (pid 34631)
Compiled contato.js  (2ms)  (pid 34631)
Compiled empresa.js  (1ms)  (pid 34631)
Compiled home.js  (0ms)  (pid 34631)
Compiled nossoproduto.js  (1ms)  (pid 34631)
Compiled suporte.js  (0ms)  (pid 34631)
Compiled application.js  (827ms)  (pid 34631)
Compiled application.css  (849ms)  (pid 34631)
Compiled bootstrap.css  (2ms)  (pid 34631)
